make --dry-run --always-make --keep-going --print-directory
make: Entering directory '/home/pastas/Documents/malloc'
gcc -o src/main.o -c src/main.c -I./include/ -I./include/malloc_function -I./include/lib/  -g -g3 -W -Wall -Werror && \
/bin/echo -e "\033[1;92m" "[OK]""\033[0m" "\033[0;36m" src/main.c "\033[00m" || \
/bin/echo -e "\033[0;31m" "[KO]" "\033[0;36m" src/main.c "\033[00m"
gcc -o src/lib/strdup.o -c src/lib/strdup.c -I./include/ -I./include/malloc_function -I./include/lib/  -g -g3 -W -Wall -Werror && \
/bin/echo -e "\033[1;92m" "[OK]""\033[0m" "\033[0;36m" src/lib/strdup.c "\033[00m" || \
/bin/echo -e "\033[0;31m" "[KO]" "\033[0;36m" src/lib/strdup.c "\033[00m"
gcc -o src/lib/atoi.o -c src/lib/atoi.c -I./include/ -I./include/malloc_function -I./include/lib/  -g -g3 -W -Wall -Werror && \
/bin/echo -e "\033[1;92m" "[OK]""\033[0m" "\033[0;36m" src/lib/atoi.c "\033[00m" || \
/bin/echo -e "\033[0;31m" "[KO]" "\033[0;36m" src/lib/atoi.c "\033[00m"
gcc -o src/lib/strmerge.o -c src/lib/strmerge.c -I./include/ -I./include/malloc_function -I./include/lib/  -g -g3 -W -Wall -Werror && \
/bin/echo -e "\033[1;92m" "[OK]""\033[0m" "\033[0;36m" src/lib/strmerge.c "\033[00m" || \
/bin/echo -e "\033[0;31m" "[KO]" "\033[0;36m" src/lib/strmerge.c "\033[00m"
gcc -o src/lib/strlen.o -c src/lib/strlen.c -I./include/ -I./include/malloc_function -I./include/lib/  -g -g3 -W -Wall -Werror && \
/bin/echo -e "\033[1;92m" "[OK]""\033[0m" "\033[0;36m" src/lib/strlen.c "\033[00m" || \
/bin/echo -e "\033[0;31m" "[KO]" "\033[0;36m" src/lib/strlen.c "\033[00m"
gcc -o src/lib/memcpy.o -c src/lib/memcpy.c -I./include/ -I./include/malloc_function -I./include/lib/  -g -g3 -W -Wall -Werror && \
/bin/echo -e "\033[1;92m" "[OK]""\033[0m" "\033[0;36m" src/lib/memcpy.c "\033[00m" || \
/bin/echo -e "\033[0;31m" "[KO]" "\033[0;36m" src/lib/memcpy.c "\033[00m"
gcc -o src/lib/charafounder.o -c src/lib/charafounder.c -I./include/ -I./include/malloc_function -I./include/lib/  -g -g3 -W -Wall -Werror && \
/bin/echo -e "\033[1;92m" "[OK]""\033[0m" "\033[0;36m" src/lib/charafounder.c "\033[00m" || \
/bin/echo -e "\033[0;31m" "[KO]" "\033[0;36m" src/lib/charafounder.c "\033[00m"
gcc -o src/lib/itoa.o -c src/lib/itoa.c -I./include/ -I./include/malloc_function -I./include/lib/  -g -g3 -W -Wall -Werror && \
/bin/echo -e "\033[1;92m" "[OK]""\033[0m" "\033[0;36m" src/lib/itoa.c "\033[00m" || \
/bin/echo -e "\033[0;31m" "[KO]" "\033[0;36m" src/lib/itoa.c "\033[00m"
gcc -o src/lib/strcpy.o -c src/lib/strcpy.c -I./include/ -I./include/malloc_function -I./include/lib/  -g -g3 -W -Wall -Werror && \
/bin/echo -e "\033[1;92m" "[OK]""\033[0m" "\033[0;36m" src/lib/strcpy.c "\033[00m" || \
/bin/echo -e "\033[0;31m" "[KO]" "\033[0;36m" src/lib/strcpy.c "\033[00m"
gcc -o src/lib/split.o -c src/lib/split.c -I./include/ -I./include/malloc_function -I./include/lib/  -g -g3 -W -Wall -Werror && \
/bin/echo -e "\033[1;92m" "[OK]""\033[0m" "\033[0;36m" src/lib/split.c "\033[00m" || \
/bin/echo -e "\033[0;31m" "[KO]" "\033[0;36m" src/lib/split.c "\033[00m"
gcc -o src/lib/strcmp.o -c src/lib/strcmp.c -I./include/ -I./include/malloc_function -I./include/lib/  -g -g3 -W -Wall -Werror && \
/bin/echo -e "\033[1;92m" "[OK]""\033[0m" "\033[0;36m" src/lib/strcmp.c "\033[00m" || \
/bin/echo -e "\033[0;31m" "[KO]" "\033[0;36m" src/lib/strcmp.c "\033[00m"
gcc -o src/lib/strchr.o -c src/lib/strchr.c -I./include/ -I./include/malloc_function -I./include/lib/  -g -g3 -W -Wall -Werror && \
/bin/echo -e "\033[1;92m" "[OK]""\033[0m" "\033[0;36m" src/lib/strchr.c "\033[00m" || \
/bin/echo -e "\033[0;31m" "[KO]" "\033[0;36m" src/lib/strchr.c "\033[00m"
gcc -o src/lib/strncmp.o -c src/lib/strncmp.c -I./include/ -I./include/malloc_function -I./include/lib/  -g -g3 -W -Wall -Werror && \
/bin/echo -e "\033[1;92m" "[OK]""\033[0m" "\033[0;36m" src/lib/strncmp.c "\033[00m" || \
/bin/echo -e "\033[0;31m" "[KO]" "\033[0;36m" src/lib/strncmp.c "\033[00m"
gcc -o src/malloc_function/malloc.o -c src/malloc_function/malloc.c -I./include/ -I./include/malloc_function -I./include/lib/  -g -g3 -W -Wall -Werror && \
/bin/echo -e "\033[1;92m" "[OK]""\033[0m" "\033[0;36m" src/malloc_function/malloc.c "\033[00m" || \
/bin/echo -e "\033[0;31m" "[KO]" "\033[0;36m" src/malloc_function/malloc.c "\033[00m"
gcc -o bsh src/main.o src/lib/strdup.o src/lib/atoi.o src/lib/strmerge.o src/lib/strlen.o src/lib/memcpy.o src/lib/charafounder.o src/lib/itoa.o src/lib/strcpy.o src/lib/split.o src/lib/strcmp.o src/lib/strchr.o src/lib/strncmp.o src/malloc_function/malloc.o -I./include/ -I./include/malloc_function -I./include/lib/  -g -g3 -W -Wall -Werror && \
/bin/echo -e "\033[1;92m" "[OK]""\033[0m" "\033[0;36m" src/main.o "\033[00m" || \
/bin/echo -e "\033[0;31m" "[KO - OBJECT]" "\033[1;36m" src/main.o "\033[00m"
make: Leaving directory '/home/pastas/Documents/malloc'
 
